<?xml version="1.0" encoding="UTF-8"?>
<testsuite xmlns:xsi="http://www.w3.org/2001/XMLSchema-instance" xsi:noNamespaceSchemaLocation="https://maven.apache.org/surefire/maven-surefire-plugin/xsd/surefire-test-report-3.0.xsd" version="3.0" name="TestSuite" time="0.703" tests="2" errors="0" skipped="0" failures="0">
  <properties>
[...]
</properties>
  <testcase name="fourth" classname="test.MSecondTest" time="0.016">
    <system-out><![CDATA[fourth method is invoked
]]></system-out>
  </testcase>
  <testcase name="thrird" classname="test.MSecondTest" time="0">
    <system-out><![CDATA[third method is invoked
]]></system-out>
  </testcase>
</testsuite>