<?xml version="1.0" encoding="UTF-8"?>
<testng-results ignored="0" total="2" passed="2" failed="0" skipped="0">
  <reporter-output>
  </reporter-output>
  <suite started-at="2020-07-14T18:01:42 IST" name="Suite" finished-at="2020-07-14T18:01:42 IST" duration-ms="63">
    <groups>
    </groups>
    <test started-at="2020-07-14T18:01:42 IST" name="Test" finished-at="2020-07-14T18:01:42 IST" duration-ms="63">
      <class name="test.MSecondTest">
        <test-method signature="fourth()[pri:0, instance:test.MSecondTest@67e2d983]" started-at="2020-07-14T18:01:42 IST" name="fourth" finished-at="2020-07-14T18:01:42 IST" duration-ms="0" status="PASS">
          <reporter-output>
          </reporter-output>
        </test-method> <!-- fourth -->
        <test-method signature="thrird()[pri:0, instance:test.MSecondTest@67e2d983]" started-at="2020-07-14T18:01:42 IST" name="thrird" finished-at="2020-07-14T18:01:42 IST" duration-ms="0" status="PASS">
          <reporter-output>
          </reporter-output>
        </test-method> <!-- thrird -->
      </class> <!-- test.MSecondTest -->
    </test> <!-- Test -->
  </suite> <!-- Suite -->
</testng-results>
