<?xml version="1.0" encoding="UTF-8"?>
<testng-results skipped="0" failed="0" ignored="0" total="2" passed="2">
  <reporter-output>
  </reporter-output>
  <suite name="Default suite" duration-ms="63" started-at="2020-07-16T09:46:45 IST" finished-at="2020-07-16T09:46:45 IST">
    <groups>
    </groups>
    <test name="Default test" duration-ms="63" started-at="2020-07-16T09:46:45 IST" finished-at="2020-07-16T09:46:45 IST">
      <class name="test.MFirstTest">
        <test-method status="PASS" signature="first()[pri:0, instance:test.MFirstTest@63e2203c]" name="first" duration-ms="16" started-at="2020-07-16T09:46:45 IST" finished-at="2020-07-16T09:46:45 IST">
          <reporter-output>
          </reporter-output>
        </test-method> <!-- first -->
        <test-method status="PASS" signature="second()[pri:0, instance:test.MFirstTest@63e2203c]" name="second" duration-ms="0" started-at="2020-07-16T09:46:45 IST" finished-at="2020-07-16T09:46:45 IST">
          <reporter-output>
          </reporter-output>
        </test-method> <!-- second -->
      </class> <!-- test.MFirstTest -->
    </test> <!-- Default test -->
  </suite> <!-- Default suite -->
</testng-results>
