<?xml version="1.0" encoding="UTF-8"?>
<testng-results skipped="0" failed="0" ignored="0" total="2" passed="2">
  <reporter-output>
  </reporter-output>
  <suite name="Suite" duration-ms="81" started-at="2020-07-15T11:17:12 IST" finished-at="2020-07-15T11:17:12 IST">
    <groups>
    </groups>
    <test name="Test" duration-ms="81" started-at="2020-07-15T11:17:12 IST" finished-at="2020-07-15T11:17:12 IST">
      <class name="test.MSecondTest">
        <test-method status="PASS" signature="fourth()[pri:0, instance:test.MSecondTest@63e2203c]" name="fourth" duration-ms="10" started-at="2020-07-15T11:17:12 IST" finished-at="2020-07-15T11:17:12 IST">
          <reporter-output>
          </reporter-output>
        </test-method> <!-- fourth -->
        <test-method status="PASS" signature="thrird()[pri:0, instance:test.MSecondTest@63e2203c]" name="thrird" duration-ms="1" started-at="2020-07-15T11:17:12 IST" finished-at="2020-07-15T11:17:12 IST">
          <reporter-output>
          </reporter-output>
        </test-method> <!-- thrird -->
      </class> <!-- test.MSecondTest -->
    </test> <!-- Test -->
  </suite> <!-- Suite -->
</testng-results>
